# JRE version: Java(TM) SE Runtime Environment (8.0_60-b27) (build 1.8.0_60-b27)
# Java VM: Java HotSpot(TM) 64-Bit Server VM (25.60-b23 mixed mode linux-amd64 compressed oops)
Heap:
 PSYoungGen      total 210432K, used 14473K [0x00000000eab00000, 0x00000000f9000000, 0x0000000100000000)
  eden space 189440K, 0% used [0x00000000eab00000,0x00000000eab00000,0x00000000f6400000)
  from space 20992K, 68% used [0x00000000f6400000,0x00000000f7222540,0x00000000f7880000)
  to   space 17920K, 0% used [0x00000000f7880000,0x00000000f7880000,0x00000000f8a00000)
 ParOldGen       total 62976K, used 35731K [0x00000000c0000000, 0x00000000c3d80000, 0x00000000eab00000)
  object space 62976K, 56% used [0x00000000c0000000,0x00000000c22e4ce0,0x00000000c3d80000)
 Metaspace       used 7352K, capacity 7778K, committed 7936K, reserved 1056768K
  class space    used 711K, capacity 721K, committed 768K, reserved 1048576K
GC Heap History (10 events):
Event: 3,232 GC heap after
Heap after GC invocations=2 (full 0):
 PSYoungGen      total 51712K, used 3582K [0x00000000eab00000, 0x00000000ee100000, 0x0000000100000000)
  eden space 48128K, 0% used [0x00000000eab00000,0x00000000eab00000,0x00000000eda00000)
  from space 3584K, 99% used [0x00000000edd80000,0x00000000ee0ff8e8,0x00000000ee100000)
  to   space 3584K, 0% used [0x00000000eda00000,0x00000000eda00000,0x00000000edd80000)
 ParOldGen       total 62976K, used 9423K [0x00000000c0000000, 0x00000000c3d80000, 0x00000000eab00000)
  object space 62976K, 14% used [0x00000000c0000000,0x00000000c0933d68,0x00000000c3d80000)
 Metaspace       used 5573K, capacity 6836K, committed 7040K, reserved 1056768K
  class space    used 550K, capacity 616K, committed 640K, reserved 1048576K
}
Event: 4,359 GC heap before
{Heap before GC invocations=3 (full 0):
 PSYoungGen      total 51712K, used 51387K [0x00000000eab00000, 0x00000000ee100000, 0x0000000100000000)
  eden space 48128K, 99% used [0x00000000eab00000,0x00000000ed9af6a0,0x00000000eda00000)
  from space 3584K, 99% used [0x00000000edd80000,0x00000000ee0ff8e8,0x00000000ee100000)
  to   space 3584K, 0% used [0x00000000eda00000,0x00000000eda00000,0x00000000edd80000)
 ParOldGen       total 62976K, used 9423K [0x00000000c0000000, 0x00000000c3d80000, 0x00000000eab00000)
  object space 62976K, 14% used [0x00000000c0000000,0x00000000c0933d68,0x00000000c3d80000)
 Metaspace       used 7185K, capacity 7772K, committed 7936K, reserved 1056768K
  class space    used 703K, capacity 720K, committed 768K, reserved 1048576K
Event: 4,412 GC heap after
Heap after GC invocations=3 (full 0):
 PSYoungGen      total 51712K, used 3558K [0x00000000eab00000, 0x00000000f1000000, 0x0000000100000000)
  eden space 48128K, 0% used [0x00000000eab00000,0x00000000eab00000,0x00000000eda00000)
  from space 3584K, 99% used [0x00000000eda00000,0x00000000edd79910,0x00000000edd80000)
  to   space 3584K, 0% used [0x00000000f0c80000,0x00000000f0c80000,0x00000000f1000000)
 ParOldGen       total 62976K, used 15770K [0x00000000c0000000, 0x00000000c3d80000, 0x00000000eab00000)
  object space 62976K, 25% used [0x00000000c0000000,0x00000000c0f66838,0x00000000c3d80000)
 Metaspace       used 7185K, capacity 7772K, committed 7936K, reserved 1056768K
  class space    used 703K, capacity 720K, committed 768K, reserved 1048576K
}
Event: 4,661 GC heap before
{Heap before GC invocations=4 (full 0):
 PSYoungGen      total 51712K, used 51686K [0x00000000eab00000, 0x00000000f1000000, 0x0000000100000000)
  eden space 48128K, 100% used [0x00000000eab00000,0x00000000eda00000,0x00000000eda00000)
  from space 3584K, 99% used [0x00000000eda00000,0x00000000edd79910,0x00000000edd80000)
  to   space 3584K, 0% used [0x00000000f0c80000,0x00000000f0c80000,0x00000000f1000000)
 ParOldGen       total 62976K, used 15770K [0x00000000c0000000, 0x00000000c3d80000, 0x00000000eab00000)
  object space 62976K, 25% used [0x00000000c0000000,0x00000000c0f66838,0x00000000c3d80000)
 Metaspace       used 7300K, capacity 7778K, committed 7936K, reserved 1056768K
  class space    used 711K, capacity 721K, committed 768K, reserved 1048576K
Event: 4,674 GC heap after
Heap after GC invocations=4 (full 0):
 PSYoungGen      total 99840K, used 3556K [0x00000000eab00000, 0x00000000f1000000, 0x0000000100000000)
  eden space 96256K, 0% used [0x00000000eab00000,0x00000000eab00000,0x00000000f0900000)
  from space 3584K, 99% used [0x00000000f0c80000,0x00000000f0ff91e8,0x00000000f1000000)
  to   space 3584K, 0% used [0x00000000f0900000,0x00000000f0900000,0x00000000f0c80000)
 ParOldGen       total 62976K, used 18337K [0x00000000c0000000, 0x00000000c3d80000, 0x00000000eab00000)
  object space 62976K, 29% used [0x00000000c0000000,0x00000000c11e84b0,0x00000000c3d80000)
 Metaspace       used 7300K, capacity 7778K, committed 7936K, reserved 1056768K
  class space    used 711K, capacity 721K, committed 768K, reserved 1048576K
}
Event: 5,210 GC heap before
{Heap before GC invocations=5 (full 0):
 PSYoungGen      total 99840K, used 99812K [0x00000000eab00000, 0x00000000f1000000, 0x0000000100000000)
  eden space 96256K, 100% used [0x00000000eab00000,0x00000000f0900000,0x00000000f0900000)
  from space 3584K, 99% used [0x00000000f0c80000,0x00000000f0ff91e8,0x00000000f1000000)
  to   space 3584K, 0% used [0x00000000f0900000,0x00000000f0900000,0x00000000f0c80000)
 ParOldGen       total 62976K, used 18337K [0x00000000c0000000, 0x00000000c3d80000, 0x00000000eab00000)
  object space 62976K, 29% used [0x00000000c0000000,0x00000000c11e84b0,0x00000000c3d80000)
 Metaspace       used 7335K, capacity 7778K, committed 7936K, reserved 1056768K
  class space    used 711K, capacity 721K, committed 768K, reserved 1048576K
Event: 5,244 GC heap after
Heap after GC invocations=5 (full 0):
 PSYoungGen      total 99840K, used 3577K [0x00000000eab00000, 0x00000000f8a00000, 0x0000000100000000)
  eden space 96256K, 0% used [0x00000000eab00000,0x00000000eab00000,0x00000000f0900000)
  from space 3584K, 99% used [0x00000000f0900000,0x00000000f0c7e420,0x00000000f0c80000)
  to   space 17920K, 0% used [0x00000000f7880000,0x00000000f7880000,0x00000000f8a00000)
 ParOldGen       total 62976K, used 32675K [0x00000000c0000000, 0x00000000c3d80000, 0x00000000eab00000)
  object space 62976K, 51% used [0x00000000c0000000,0x00000000c1fe8e60,0x00000000c3d80000)
 Metaspace       used 7335K, capacity 7778K, committed 7936K, reserved 1056768K
  class space    used 711K, capacity 721K, committed 768K, reserved 1048576K
}
Event: 5,606 GC heap before
{Heap before GC invocations=6 (full 0):
 PSYoungGen      total 99840K, used 99833K [0x00000000eab00000, 0x00000000f8a00000, 0x0000000100000000)
  eden space 96256K, 100% used [0x00000000eab00000,0x00000000f0900000,0x00000000f0900000)
  from space 3584K, 99% used [0x00000000f0900000,0x00000000f0c7e420,0x00000000f0c80000)
  to   space 17920K, 0% used [0x00000000f7880000,0x00000000f7880000,0x00000000f8a00000)
 ParOldGen       total 62976K, used 32675K [0x00000000c0000000, 0x00000000c3d80000, 0x00000000eab00000)
  object space 62976K, 51% used [0x00000000c0000000,0x00000000c1fe8e60,0x00000000c3d80000)
 Metaspace       used 7340K, capacity 7778K, committed 7936K, reserved 1056768K
  class space    used 711K, capacity 721K, committed 768K, reserved 1048576K
Event: 5,653 GC heap after
Heap after GC invocations=6 (full 0):
 PSYoungGen      total 207360K, used 17709K [0x00000000eab00000, 0x00000000f9000000, 0x0000000100000000)
  eden space 189440K, 0% used [0x00000000eab00000,0x00000000eab00000,0x00000000f6400000)
  from space 17920K, 98% used [0x00000000f7880000,0x00000000f89cb4d8,0x00000000f8a00000)
  to   space 20992K, 0% used [0x00000000f6400000,0x00000000f6400000,0x00000000f7880000)
 ParOldGen       total 62976K, used 32683K [0x00000000c0000000, 0x00000000c3d80000, 0x00000000eab00000)
  object space 62976K, 51% used [0x00000000c0000000,0x00000000c1feae60,0x00000000c3d80000)
 Metaspace       used 7340K, capacity 7778K, committed 7936K, reserved 1056768K
  class space    used 711K, capacity 721K, committed 768K, reserved 1048576K
}
Event: 11,518 GC heap before
{Heap before GC invocations=7 (full 0):
 PSYoungGen      total 207360K, used 207149K [0x00000000eab00000, 0x00000000f9000000, 0x0000000100000000)
  eden space 189440K, 100% used [0x00000000eab00000,0x00000000f6400000,0x00000000f6400000)
  from space 17920K, 98% used [0x00000000f7880000,0x00000000f89cb4d8,0x00000000f8a00000)
  to   space 20992K, 0% used [0x00000000f6400000,0x00000000f6400000,0x00000000f7880000)
 ParOldGen       total 62976K, used 32683K [0x00000000c0000000, 0x00000000c3d80000, 0x00000000eab00000)
  object space 62976K, 51% used [0x00000000c0000000,0x00000000c1feae60,0x00000000c3d80000)
 Metaspace       used 7352K, capacity 7778K, committed 7936K, reserved 1056768K
  class space    used 711K, capacity 721K, committed 768K, reserved 1048576K

